<?xml version="1.0" encoding="UTF-8"?>
<testsuite xmlns:xsi="http://www.w3.org/2001/XMLSchema-instance" xsi:noNamespaceSchemaLocation="https://maven.apache.org/surefire/maven-surefire-plugin/xsd/surefire-test-report.xsd" name="com.foody.swiggy.SwiggyApplicationTests" time="11.173" tests="1" errors="1" skipped="0" failures="0">
  <properties>
    <property name="sun.desktop" value="gnome"/>
    <property name="awt.toolkit" value="sun.awt.X11.XToolkit"/>
    <property name="java.specification.version" value="11"/>
    <property name="sun.cpu.isalist" value=""/>
    <property name="sun.jnu.encoding" value="UTF-8"/>
    <property name="java.class.path" value="/home/prashaanth/Documents/raji/swiggy/target/test-classes:/home/prashaanth/Documents/raji/swiggy/target/classes:/home/prashaanth/.m2/repository/org/springframework/boot/spring-boot-starter-data-jpa/2.1.13.RELEASE/spring-boot-starter-data-jpa-2.1.13.RELEASE.jar:/home/prashaanth/.m2/repository/org/springframework/boot/spring-boot-starter-aop/2.1.13.RELEASE/spring-boot-starter-aop-2.1.13.RELEASE.jar:/home/prashaanth/.m2/repository/org/springframework/spring-aop/5.1.14.RELEASE/spring-aop-5.1.14.RELEASE.jar:/home/prashaanth/.m2/repository/org/aspectj/aspectjweaver/1.9.5/aspectjweaver-1.9.5.jar:/home/prashaanth/.m2/repository/org/springframework/boot/spring-boot-starter-jdbc/2.1.13.RELEASE/spring-boot-starter-jdbc-2.1.13.RELEASE.jar:/home/prashaanth/.m2/repository/com/zaxxer/HikariCP/3.2.0/HikariCP-3.2.0.jar:/home/prashaanth/.m2/repository/org/springframework/spring-jdbc/5.1.14.RELEASE/spring-jdbc-5.1.14.RELEASE.jar:/home/prashaanth/.m2/repository/javax/transaction/javax.transaction-api/1.3/javax.transaction-api-1.3.jar:/home/prashaanth/.m2/repository/javax/xml/bind/jaxb-api/2.3.1/jaxb-api-2.3.1.jar:/home/prashaanth/.m2/repository/javax/activation/javax.activation-api/1.2.0/javax.activation-api-1.2.0.jar:/home/prashaanth/.m2/repository/org/hibernate/hibernate-core/5.3.15.Final/hibernate-core-5.3.15.Final.jar:/home/prashaanth/.m2/repository/org/jboss/logging/jboss-logging/3.3.3.Final/jboss-logging-3.3.3.Final.jar:/home/prashaanth/.m2/repository/javax/persistence/javax.persistence-api/2.2/javax.persistence-api-2.2.jar:/home/prashaanth/.m2/repository/org/javassist/javassist/3.23.2-GA/javassist-3.23.2-GA.jar:/home/prashaanth/.m2/repository/net/bytebuddy/byte-buddy/1.9.16/byte-buddy-1.9.16.jar:/home/prashaanth/.m2/repository/antlr/antlr/2.7.7/antlr-2.7.7.jar:/home/prashaanth/.m2/repository/org/jboss/jandex/2.0.5.Final/jandex-2.0.5.Final.jar:/home/prashaanth/.m2/repository/com/fasterxml/classmate/1.4.0/classmate-1.4.0.jar:/home/prashaanth/.m2/repository/org/dom4j/dom4j/2.1.1/dom4j-2.1.1.jar:/home/prashaanth/.m2/repository/org/hibernate/common/hibernate-commons-annotations/5.0.4.Final/hibernate-commons-annotations-5.0.4.Final.jar:/home/prashaanth/.m2/repository/org/glassfish/jaxb/jaxb-runtime/2.3.1/jaxb-runtime-2.3.1.jar:/home/prashaanth/.m2/repository/org/glassfish/jaxb/txw2/2.3.1/txw2-2.3.1.jar:/home/prashaanth/.m2/repository/com/sun/istack/istack-commons-runtime/3.0.7/istack-commons-runtime-3.0.7.jar:/home/prashaanth/.m2/repository/org/jvnet/staxex/stax-ex/1.8/stax-ex-1.8.jar:/home/prashaanth/.m2/repository/com/sun/xml/fastinfoset/FastInfoset/1.2.15/FastInfoset-1.2.15.jar:/home/prashaanth/.m2/repository/org/springframework/data/spring-data-jpa/2.1.16.RELEASE/spring-data-jpa-2.1.16.RELEASE.jar:/home/prashaanth/.m2/repository/org/springframework/data/spring-data-commons/2.1.16.RELEASE/spring-data-commons-2.1.16.RELEASE.jar:/home/prashaanth/.m2/repository/org/springframework/spring-orm/5.1.14.RELEASE/spring-orm-5.1.14.RELEASE.jar:/home/prashaanth/.m2/repository/org/springframework/spring-context/5.1.14.RELEASE/spring-context-5.1.14.RELEASE.jar:/home/prashaanth/.m2/repository/org/springframework/spring-tx/5.1.14.RELEASE/spring-tx-5.1.14.RELEASE.jar:/home/prashaanth/.m2/repository/org/springframework/spring-beans/5.1.14.RELEASE/spring-beans-5.1.14.RELEASE.jar:/home/prashaanth/.m2/repository/org/slf4j/slf4j-api/1.7.30/slf4j-api-1.7.30.jar:/home/prashaanth/.m2/repository/org/springframework/spring-aspects/5.1.14.RELEASE/spring-aspects-5.1.14.RELEASE.jar:/home/prashaanth/.m2/repository/mysql/mysql-connector-java/8.0.19/mysql-connector-java-8.0.19.jar:/home/prashaanth/.m2/repository/org/springframework/boot/spring-boot-starter-web/2.1.13.RELEASE/spring-boot-starter-web-2.1.13.RELEASE.jar:/home/prashaanth/.m2/repository/org/springframework/boot/spring-boot-starter/2.1.13.RELEASE/spring-boot-starter-2.1.13.RELEASE.jar:/home/prashaanth/.m2/repository/org/springframework/boot/spring-boot/2.1.13.RELEASE/spring-boot-2.1.13.RELEASE.jar:/home/prashaanth/.m2/repository/org/springframework/boot/spring-boot-autoconfigure/2.1.13.RELEASE/spring-boot-autoconfigure-2.1.13.RELEASE.jar:/home/prashaanth/.m2/repository/org/springframework/boot/spring-boot-starter-logging/2.1.13.RELEASE/spring-boot-starter-logging-2.1.13.RELEASE.jar:/home/prashaanth/.m2/repository/ch/qos/logback/logback-classic/1.2.3/logback-classic-1.2.3.jar:/home/prashaanth/.m2/repository/ch/qos/logback/logback-core/1.2.3/logback-core-1.2.3.jar:/home/prashaanth/.m2/repository/org/apache/logging/log4j/log4j-to-slf4j/2.11.2/log4j-to-slf4j-2.11.2.jar:/home/prashaanth/.m2/repository/org/apache/logging/log4j/log4j-api/2.11.2/log4j-api-2.11.2.jar:/home/prashaanth/.m2/repository/org/slf4j/jul-to-slf4j/1.7.30/jul-to-slf4j-1.7.30.jar:/home/prashaanth/.m2/repository/javax/annotation/javax.annotation-api/1.3.2/javax.annotation-api-1.3.2.jar:/home/prashaanth/.m2/repository/org/yaml/snakeyaml/1.23/snakeyaml-1.23.jar:/home/prashaanth/.m2/repository/org/springframework/boot/spring-boot-starter-json/2.1.13.RELEASE/spring-boot-starter-json-2.1.13.RELEASE.jar:/home/prashaanth/.m2/repository/com/fasterxml/jackson/core/jackson-databind/2.9.10.3/jackson-databind-2.9.10.3.jar:/home/prashaanth/.m2/repository/com/fasterxml/jackson/core/jackson-annotations/2.9.10/jackson-annotations-2.9.10.jar:/home/prashaanth/.m2/repository/com/fasterxml/jackson/core/jackson-core/2.9.10/jackson-core-2.9.10.jar:/home/prashaanth/.m2/repository/com/fasterxml/jackson/datatype/jackson-datatype-jdk8/2.9.10/jackson-datatype-jdk8-2.9.10.jar:/home/prashaanth/.m2/repository/com/fasterxml/jackson/datatype/jackson-datatype-jsr310/2.9.10/jackson-datatype-jsr310-2.9.10.jar:/home/prashaanth/.m2/repository/com/fasterxml/jackson/module/jackson-module-parameter-names/2.9.10/jackson-module-parameter-names-2.9.10.jar:/home/prashaanth/.m2/repository/org/springframework/boot/spring-boot-starter-tomcat/2.1.13.RELEASE/spring-boot-starter-tomcat-2.1.13.RELEASE.jar:/home/prashaanth/.m2/repository/org/apache/tomcat/embed/tomcat-embed-core/9.0.31/tomcat-embed-core-9.0.31.jar:/home/prashaanth/.m2/repository/org/apache/tomcat/embed/tomcat-embed-el/9.0.31/tomcat-embed-el-9.0.31.jar:/home/prashaanth/.m2/repository/org/apache/tomcat/embed/tomcat-embed-websocket/9.0.31/tomcat-embed-websocket-9.0.31.jar:/home/prashaanth/.m2/repository/org/hibernate/validator/hibernate-validator/6.0.18.Final/hibernate-validator-6.0.18.Final.jar:/home/prashaanth/.m2/repository/javax/validation/validation-api/2.0.1.Final/validation-api-2.0.1.Final.jar:/home/prashaanth/.m2/repository/org/springframework/spring-web/5.1.14.RELEASE/spring-web-5.1.14.RELEASE.jar:/home/prashaanth/.m2/repository/org/springframework/spring-webmvc/5.1.14.RELEASE/spring-webmvc-5.1.14.RELEASE.jar:/home/prashaanth/.m2/repository/org/springframework/spring-expression/5.1.14.RELEASE/spring-expression-5.1.14.RELEASE.jar:/home/prashaanth/.m2/repository/org/springframework/boot/spring-boot-starter-test/2.1.13.RELEASE/spring-boot-starter-test-2.1.13.RELEASE.jar:/home/prashaanth/.m2/repository/org/springframework/boot/spring-boot-test/2.1.13.RELEASE/spring-boot-test-2.1.13.RELEASE.jar:/home/prashaanth/.m2/repository/org/springframework/boot/spring-boot-test-autoconfigure/2.1.13.RELEASE/spring-boot-test-autoconfigure-2.1.13.RELEASE.jar:/home/prashaanth/.m2/repository/com/jayway/jsonpath/json-path/2.4.0/json-path-2.4.0.jar:/home/prashaanth/.m2/repository/net/minidev/json-smart/2.3/json-smart-2.3.jar:/home/prashaanth/.m2/repository/net/minidev/accessors-smart/1.2/accessors-smart-1.2.jar:/home/prashaanth/.m2/repository/org/ow2/asm/asm/5.0.4/asm-5.0.4.jar:/home/prashaanth/.m2/repository/junit/junit/4.12/junit-4.12.jar:/home/prashaanth/.m2/repository/org/assertj/assertj-core/3.11.1/assertj-core-3.11.1.jar:/home/prashaanth/.m2/repository/org/mockito/mockito-core/2.23.4/mockito-core-2.23.4.jar:/home/prashaanth/.m2/repository/net/bytebuddy/byte-buddy-agent/1.9.16/byte-buddy-agent-1.9.16.jar:/home/prashaanth/.m2/repository/org/objenesis/objenesis/2.6/objenesis-2.6.jar:/home/prashaanth/.m2/repository/org/hamcrest/hamcrest-core/1.3/hamcrest-core-1.3.jar:/home/prashaanth/.m2/repository/org/hamcrest/hamcrest-library/1.3/hamcrest-library-1.3.jar:/home/prashaanth/.m2/repository/org/skyscreamer/jsonassert/1.5.0/jsonassert-1.5.0.jar:/home/prashaanth/.m2/repository/com/vaadin/external/google/android-json/0.0.20131108.vaadin1/android-json-0.0.20131108.vaadin1.jar:/home/prashaanth/.m2/repository/org/springframework/spring-core/5.1.14.RELEASE/spring-core-5.1.14.RELEASE.jar:/home/prashaanth/.m2/repository/org/springframework/spring-jcl/5.1.14.RELEASE/spring-jcl-5.1.14.RELEASE.jar:/home/prashaanth/.m2/repository/org/springframework/spring-test/5.1.14.RELEASE/spring-test-5.1.14.RELEASE.jar:/home/prashaanth/.m2/repository/org/xmlunit/xmlunit-core/2.6.3/xmlunit-core-2.6.3.jar:"/>
    <property name="java.vm.vendor" value="Ubuntu"/>
    <property name="sun.arch.data.model" value="64"/>
    <property name="java.vendor.url" value="https://ubuntu.com/"/>
    <property name="user.timezone" value=""/>
    <property name="java.vm.specification.version" value="11"/>
    <property name="os.name" value="Linux"/>
    <property name="sun.java.launcher" value="SUN_STANDARD"/>
    <property name="user.country" value="US"/>
    <property name="sun.boot.library.path" value="/usr/lib/jvm/java-11-openjdk-amd64/lib"/>
    <property name="sun.java.command" value="/home/prashaanth/Documents/raji/swiggy/target/surefire/surefirebooter2373521167684424600.jar /home/prashaanth/Documents/raji/swiggy/target/surefire 2020-04-07T16-48-37_294-jvmRun1 surefire16536226293450754256tmp surefire_09447536147546452643tmp"/>
    <property name="jdk.debug" value="release"/>
    <property name="surefire.test.class.path" value="/home/prashaanth/Documents/raji/swiggy/target/test-classes:/home/prashaanth/Documents/raji/swiggy/target/classes:/home/prashaanth/.m2/repository/org/springframework/boot/spring-boot-starter-data-jpa/2.1.13.RELEASE/spring-boot-starter-data-jpa-2.1.13.RELEASE.jar:/home/prashaanth/.m2/repository/org/springframework/boot/spring-boot-starter-aop/2.1.13.RELEASE/spring-boot-starter-aop-2.1.13.RELEASE.jar:/home/prashaanth/.m2/repository/org/springframework/spring-aop/5.1.14.RELEASE/spring-aop-5.1.14.RELEASE.jar:/home/prashaanth/.m2/repository/org/aspectj/aspectjweaver/1.9.5/aspectjweaver-1.9.5.jar:/home/prashaanth/.m2/repository/org/springframework/boot/spring-boot-starter-jdbc/2.1.13.RELEASE/spring-boot-starter-jdbc-2.1.13.RELEASE.jar:/home/prashaanth/.m2/repository/com/zaxxer/HikariCP/3.2.0/HikariCP-3.2.0.jar:/home/prashaanth/.m2/repository/org/springframework/spring-jdbc/5.1.14.RELEASE/spring-jdbc-5.1.14.RELEASE.jar:/home/prashaanth/.m2/repository/javax/transaction/javax.transaction-api/1.3/javax.transaction-api-1.3.jar:/home/prashaanth/.m2/repository/javax/xml/bind/jaxb-api/2.3.1/jaxb-api-2.3.1.jar:/home/prashaanth/.m2/repository/javax/activation/javax.activation-api/1.2.0/javax.activation-api-1.2.0.jar:/home/prashaanth/.m2/repository/org/hibernate/hibernate-core/5.3.15.Final/hibernate-core-5.3.15.Final.jar:/home/prashaanth/.m2/repository/org/jboss/logging/jboss-logging/3.3.3.Final/jboss-logging-3.3.3.Final.jar:/home/prashaanth/.m2/repository/javax/persistence/javax.persistence-api/2.2/javax.persistence-api-2.2.jar:/home/prashaanth/.m2/repository/org/javassist/javassist/3.23.2-GA/javassist-3.23.2-GA.jar:/home/prashaanth/.m2/repository/net/bytebuddy/byte-buddy/1.9.16/byte-buddy-1.9.16.jar:/home/prashaanth/.m2/repository/antlr/antlr/2.7.7/antlr-2.7.7.jar:/home/prashaanth/.m2/repository/org/jboss/jandex/2.0.5.Final/jandex-2.0.5.Final.jar:/home/prashaanth/.m2/repository/com/fasterxml/classmate/1.4.0/classmate-1.4.0.jar:/home/prashaanth/.m2/repository/org/dom4j/dom4j/2.1.1/dom4j-2.1.1.jar:/home/prashaanth/.m2/repository/org/hibernate/common/hibernate-commons-annotations/5.0.4.Final/hibernate-commons-annotations-5.0.4.Final.jar:/home/prashaanth/.m2/repository/org/glassfish/jaxb/jaxb-runtime/2.3.1/jaxb-runtime-2.3.1.jar:/home/prashaanth/.m2/repository/org/glassfish/jaxb/txw2/2.3.1/txw2-2.3.1.jar:/home/prashaanth/.m2/repository/com/sun/istack/istack-commons-runtime/3.0.7/istack-commons-runtime-3.0.7.jar:/home/prashaanth/.m2/repository/org/jvnet/staxex/stax-ex/1.8/stax-ex-1.8.jar:/home/prashaanth/.m2/repository/com/sun/xml/fastinfoset/FastInfoset/1.2.15/FastInfoset-1.2.15.jar:/home/prashaanth/.m2/repository/org/springframework/data/spring-data-jpa/2.1.16.RELEASE/spring-data-jpa-2.1.16.RELEASE.jar:/home/prashaanth/.m2/repository/org/springframework/data/spring-data-commons/2.1.16.RELEASE/spring-data-commons-2.1.16.RELEASE.jar:/home/prashaanth/.m2/repository/org/springframework/spring-orm/5.1.14.RELEASE/spring-orm-5.1.14.RELEASE.jar:/home/prashaanth/.m2/repository/org/springframework/spring-context/5.1.14.RELEASE/spring-context-5.1.14.RELEASE.jar:/home/prashaanth/.m2/repository/org/springframework/spring-tx/5.1.14.RELEASE/spring-tx-5.1.14.RELEASE.jar:/home/prashaanth/.m2/repository/org/springframework/spring-beans/5.1.14.RELEASE/spring-beans-5.1.14.RELEASE.jar:/home/prashaanth/.m2/repository/org/slf4j/slf4j-api/1.7.30/slf4j-api-1.7.30.jar:/home/prashaanth/.m2/repository/org/springframework/spring-aspects/5.1.14.RELEASE/spring-aspects-5.1.14.RELEASE.jar:/home/prashaanth/.m2/repository/mysql/mysql-connector-java/8.0.19/mysql-connector-java-8.0.19.jar:/home/prashaanth/.m2/repository/org/springframework/boot/spring-boot-starter-web/2.1.13.RELEASE/spring-boot-starter-web-2.1.13.RELEASE.jar:/home/prashaanth/.m2/repository/org/springframework/boot/spring-boot-starter/2.1.13.RELEASE/spring-boot-starter-2.1.13.RELEASE.jar:/home/prashaanth/.m2/repository/org/springframework/boot/spring-boot/2.1.13.RELEASE/spring-boot-2.1.13.RELEASE.jar:/home/prashaanth/.m2/repository/org/springframework/boot/spring-boot-autoconfigure/2.1.13.RELEASE/spring-boot-autoconfigure-2.1.13.RELEASE.jar:/home/prashaanth/.m2/repository/org/springframework/boot/spring-boot-starter-logging/2.1.13.RELEASE/spring-boot-starter-logging-2.1.13.RELEASE.jar:/home/prashaanth/.m2/repository/ch/qos/logback/logback-classic/1.2.3/logback-classic-1.2.3.jar:/home/prashaanth/.m2/repository/ch/qos/logback/logback-core/1.2.3/logback-core-1.2.3.jar:/home/prashaanth/.m2/repository/org/apache/logging/log4j/log4j-to-slf4j/2.11.2/log4j-to-slf4j-2.11.2.jar:/home/prashaanth/.m2/repository/org/apache/logging/log4j/log4j-api/2.11.2/log4j-api-2.11.2.jar:/home/prashaanth/.m2/repository/org/slf4j/jul-to-slf4j/1.7.30/jul-to-slf4j-1.7.30.jar:/home/prashaanth/.m2/repository/javax/annotation/javax.annotation-api/1.3.2/javax.annotation-api-1.3.2.jar:/home/prashaanth/.m2/repository/org/yaml/snakeyaml/1.23/snakeyaml-1.23.jar:/home/prashaanth/.m2/repository/org/springframework/boot/spring-boot-starter-json/2.1.13.RELEASE/spring-boot-starter-json-2.1.13.RELEASE.jar:/home/prashaanth/.m2/repository/com/fasterxml/jackson/core/jackson-databind/2.9.10.3/jackson-databind-2.9.10.3.jar:/home/prashaanth/.m2/repository/com/fasterxml/jackson/core/jackson-annotations/2.9.10/jackson-annotations-2.9.10.jar:/home/prashaanth/.m2/repository/com/fasterxml/jackson/core/jackson-core/2.9.10/jackson-core-2.9.10.jar:/home/prashaanth/.m2/repository/com/fasterxml/jackson/datatype/jackson-datatype-jdk8/2.9.10/jackson-datatype-jdk8-2.9.10.jar:/home/prashaanth/.m2/repository/com/fasterxml/jackson/datatype/jackson-datatype-jsr310/2.9.10/jackson-datatype-jsr310-2.9.10.jar:/home/prashaanth/.m2/repository/com/fasterxml/jackson/module/jackson-module-parameter-names/2.9.10/jackson-module-parameter-names-2.9.10.jar:/home/prashaanth/.m2/repository/org/springframework/boot/spring-boot-starter-tomcat/2.1.13.RELEASE/spring-boot-starter-tomcat-2.1.13.RELEASE.jar:/home/prashaanth/.m2/repository/org/apache/tomcat/embed/tomcat-embed-core/9.0.31/tomcat-embed-core-9.0.31.jar:/home/prashaanth/.m2/repository/org/apache/tomcat/embed/tomcat-embed-el/9.0.31/tomcat-embed-el-9.0.31.jar:/home/prashaanth/.m2/repository/org/apache/tomcat/embed/tomcat-embed-websocket/9.0.31/tomcat-embed-websocket-9.0.31.jar:/home/prashaanth/.m2/repository/org/hibernate/validator/hibernate-validator/6.0.18.Final/hibernate-validator-6.0.18.Final.jar:/home/prashaanth/.m2/repository/javax/validation/validation-api/2.0.1.Final/validation-api-2.0.1.Final.jar:/home/prashaanth/.m2/repository/org/springframework/spring-web/5.1.14.RELEASE/spring-web-5.1.14.RELEASE.jar:/home/prashaanth/.m2/repository/org/springframework/spring-webmvc/5.1.14.RELEASE/spring-webmvc-5.1.14.RELEASE.jar:/home/prashaanth/.m2/repository/org/springframework/spring-expression/5.1.14.RELEASE/spring-expression-5.1.14.RELEASE.jar:/home/prashaanth/.m2/repository/org/springframework/boot/spring-boot-starter-test/2.1.13.RELEASE/spring-boot-starter-test-2.1.13.RELEASE.jar:/home/prashaanth/.m2/repository/org/springframework/boot/spring-boot-test/2.1.13.RELEASE/spring-boot-test-2.1.13.RELEASE.jar:/home/prashaanth/.m2/repository/org/springframework/boot/spring-boot-test-autoconfigure/2.1.13.RELEASE/spring-boot-test-autoconfigure-2.1.13.RELEASE.jar:/home/prashaanth/.m2/repository/com/jayway/jsonpath/json-path/2.4.0/json-path-2.4.0.jar:/home/prashaanth/.m2/repository/net/minidev/json-smart/2.3/json-smart-2.3.jar:/home/prashaanth/.m2/repository/net/minidev/accessors-smart/1.2/accessors-smart-1.2.jar:/home/prashaanth/.m2/repository/org/ow2/asm/asm/5.0.4/asm-5.0.4.jar:/home/prashaanth/.m2/repository/junit/junit/4.12/junit-4.12.jar:/home/prashaanth/.m2/repository/org/assertj/assertj-core/3.11.1/assertj-core-3.11.1.jar:/home/prashaanth/.m2/repository/org/mockito/mockito-core/2.23.4/mockito-core-2.23.4.jar:/home/prashaanth/.m2/repository/net/bytebuddy/byte-buddy-agent/1.9.16/byte-buddy-agent-1.9.16.jar:/home/prashaanth/.m2/repository/org/objenesis/objenesis/2.6/objenesis-2.6.jar:/home/prashaanth/.m2/repository/org/hamcrest/hamcrest-core/1.3/hamcrest-core-1.3.jar:/home/prashaanth/.m2/repository/org/hamcrest/hamcrest-library/1.3/hamcrest-library-1.3.jar:/home/prashaanth/.m2/repository/org/skyscreamer/jsonassert/1.5.0/jsonassert-1.5.0.jar:/home/prashaanth/.m2/repository/com/vaadin/external/google/android-json/0.0.20131108.vaadin1/android-json-0.0.20131108.vaadin1.jar:/home/prashaanth/.m2/repository/org/springframework/spring-core/5.1.14.RELEASE/spring-core-5.1.14.RELEASE.jar:/home/prashaanth/.m2/repository/org/springframework/spring-jcl/5.1.14.RELEASE/spring-jcl-5.1.14.RELEASE.jar:/home/prashaanth/.m2/repository/org/springframework/spring-test/5.1.14.RELEASE/spring-test-5.1.14.RELEASE.jar:/home/prashaanth/.m2/repository/org/xmlunit/xmlunit-core/2.6.3/xmlunit-core-2.6.3.jar:"/>
    <property name="sun.cpu.endian" value="little"/>
    <property name="user.home" value="/home/prashaanth"/>
    <property name="user.language" value="en"/>
    <property name="java.specification.vendor" value="Oracle Corporation"/>
    <property name="java.version.date" value="2020-01-14"/>
    <property name="java.home" value="/usr/lib/jvm/java-11-openjdk-amd64"/>
    <property name="file.separator" value="/"/>
    <property name="basedir" value="/home/prashaanth/Documents/raji/swiggy"/>
    <property name="java.vm.compressedOopsMode" value="32-bit"/>
    <property name="line.separator" value="&#10;"/>
    <property name="java.specification.name" value="Java Platform API Specification"/>
    <property name="java.vm.specification.vendor" value="Oracle Corporation"/>
    <property name="java.awt.graphicsenv" value="sun.awt.X11GraphicsEnvironment"/>
    <property name="surefire.real.class.path" value="/home/prashaanth/Documents/raji/swiggy/target/surefire/surefirebooter2373521167684424600.jar"/>
    <property name="sun.management.compiler" value="HotSpot 64-Bit Tiered Compilers"/>
    <property name="java.runtime.version" value="11.0.6+10-post-Ubuntu-1ubuntu118.04.1"/>
    <property name="user.name" value="prashaanth"/>
    <property name="path.separator" value=":"/>
    <property name="os.version" value="5.3.0-26-generic"/>
    <property name="java.runtime.name" value="OpenJDK Runtime Environment"/>
    <property name="file.encoding" value="UTF-8"/>
    <property name="java.vm.name" value="OpenJDK 64-Bit Server VM"/>
    <property name="localRepository" value="/home/prashaanth/.m2/repository"/>
    <property name="java.vendor.url.bug" value="https://bugs.launchpad.net/ubuntu/+source/openjdk-lts"/>
    <property name="java.io.tmpdir" value="/tmp"/>
    <property name="java.version" value="11.0.6"/>
    <property name="user.dir" value="/home/prashaanth/Documents/raji/swiggy"/>
    <property name="os.arch" value="amd64"/>
    <property name="java.vm.specification.name" value="Java Virtual Machine Specification"/>
    <property name="java.awt.printerjob" value="sun.print.PSPrinterJob"/>
    <property name="sun.os.patch.level" value="unknown"/>
    <property name="java.library.path" value="/usr/java/packages/lib:/usr/lib/x86_64-linux-gnu/jni:/lib/x86_64-linux-gnu:/usr/lib/x86_64-linux-gnu:/usr/lib/jni:/lib:/usr/lib"/>
    <property name="java.vendor" value="Ubuntu"/>
    <property name="java.vm.info" value="mixed mode, sharing"/>
    <property name="java.vm.version" value="11.0.6+10-post-Ubuntu-1ubuntu118.04.1"/>
    <property name="sun.io.unicode.encoding" value="UnicodeLittle"/>
    <property name="java.class.version" value="55.0"/>
  </properties>
  <testcase name="contextLoads" classname="com.foody.swiggy.SwiggyApplicationTests" time="0.013">
    <error message="Failed to load ApplicationContext" type="java.lang.IllegalStateException">java.lang.IllegalStateException: Failed to load ApplicationContext
Caused by: org.springframework.beans.factory.UnsatisfiedDependencyException: Error creating bean with name 'org.springframework.boot.autoconfigure.orm.jpa.HibernateJpaConfiguration': Unsatisfied dependency expressed through constructor parameter 0; nested exception is org.springframework.beans.factory.BeanCreationException: Error creating bean with name 'dataSource' defined in class path resource [org/springframework/boot/autoconfigure/jdbc/DataSourceConfiguration$Hikari.class]: Bean instantiation via factory method failed; nested exception is org.springframework.beans.BeanInstantiationException: Failed to instantiate [com.zaxxer.hikari.HikariDataSource]: Factory method 'dataSource' threw exception; nested exception is org.springframework.boot.autoconfigure.jdbc.DataSourceProperties$DataSourceBeanCreationException: Failed to determine a suitable driver class
Caused by: org.springframework.beans.factory.BeanCreationException: Error creating bean with name 'dataSource' defined in class path resource [org/springframework/boot/autoconfigure/jdbc/DataSourceConfiguration$Hikari.class]: Bean instantiation via factory method failed; nested exception is org.springframework.beans.BeanInstantiationException: Failed to instantiate [com.zaxxer.hikari.HikariDataSource]: Factory method 'dataSource' threw exception; nested exception is org.springframework.boot.autoconfigure.jdbc.DataSourceProperties$DataSourceBeanCreationException: Failed to determine a suitable driver class
Caused by: org.springframework.beans.BeanInstantiationException: Failed to instantiate [com.zaxxer.hikari.HikariDataSource]: Factory method 'dataSource' threw exception; nested exception is org.springframework.boot.autoconfigure.jdbc.DataSourceProperties$DataSourceBeanCreationException: Failed to determine a suitable driver class
Caused by: org.springframework.boot.autoconfigure.jdbc.DataSourceProperties$DataSourceBeanCreationException: Failed to determine a suitable driver class
</error>
    <system-out><![CDATA[16:48:49.229 [main] DEBUG org.springframework.test.context.junit4.SpringJUnit4ClassRunner - SpringJUnit4ClassRunner constructor called with [class com.foody.swiggy.SwiggyApplicationTests]
16:48:49.256 [main] DEBUG org.springframework.test.context.BootstrapUtils - Instantiating CacheAwareContextLoaderDelegate from class [org.springframework.test.context.cache.DefaultCacheAwareContextLoaderDelegate]
16:48:49.336 [main] DEBUG org.springframework.test.context.BootstrapUtils - Instantiating BootstrapContext using constructor [public org.springframework.test.context.support.DefaultBootstrapContext(java.lang.Class,org.springframework.test.context.CacheAwareContextLoaderDelegate)]
16:48:49.412 [main] DEBUG org.springframework.test.context.BootstrapUtils - Instantiating TestContextBootstrapper for test class [com.foody.swiggy.SwiggyApplicationTests] from class [org.springframework.boot.test.context.SpringBootTestContextBootstrapper]
16:48:49.680 [main] INFO org.springframework.boot.test.context.SpringBootTestContextBootstrapper - Neither @ContextConfiguration nor @ContextHierarchy found for test class [com.foody.swiggy.SwiggyApplicationTests], using SpringBootContextLoader
16:48:49.714 [main] DEBUG org.springframework.test.context.support.AbstractContextLoader - Did not detect default resource location for test class [com.foody.swiggy.SwiggyApplicationTests]: class path resource [com/foody/swiggy/SwiggyApplicationTests-context.xml] does not exist
16:48:49.734 [main] DEBUG org.springframework.test.context.support.AbstractContextLoader - Did not detect default resource location for test class [com.foody.swiggy.SwiggyApplicationTests]: class path resource [com/foody/swiggy/SwiggyApplicationTestsContext.groovy] does not exist
16:48:49.739 [main] INFO org.springframework.test.context.support.AbstractContextLoader - Could not detect default resource locations for test class [com.foody.swiggy.SwiggyApplicationTests]: no resource found for suffixes {-context.xml, Context.groovy}.
16:48:49.743 [main] INFO org.springframework.test.context.support.AnnotationConfigContextLoaderUtils - Could not detect default configuration classes for test class [com.foody.swiggy.SwiggyApplicationTests]: SwiggyApplicationTests does not declare any static, non-private, non-final, nested classes annotated with @Configuration.
16:48:50.262 [main] DEBUG org.springframework.test.context.support.ActiveProfilesUtils - Could not find an 'annotation declaring class' for annotation type [org.springframework.test.context.ActiveProfiles] and class [com.foody.swiggy.SwiggyApplicationTests]
16:48:50.488 [main] DEBUG org.springframework.context.annotation.ClassPathScanningCandidateComponentProvider - Identified candidate component class: file [/home/prashaanth/Documents/raji/swiggy/target/classes/com/foody/swiggy/SwiggyApplication.class]
16:48:50.494 [main] INFO org.springframework.boot.test.context.SpringBootTestContextBootstrapper - Found @SpringBootConfiguration com.foody.swiggy.SwiggyApplication for test class com.foody.swiggy.SwiggyApplicationTests
16:48:50.844 [main] DEBUG org.springframework.boot.test.context.SpringBootTestContextBootstrapper - @TestExecutionListeners is not present for class [com.foody.swiggy.SwiggyApplicationTests]: using defaults.
16:48:50.846 [main] INFO org.springframework.boot.test.context.SpringBootTestContextBootstrapper - Loaded default TestExecutionListener class names from location [META-INF/spring.factories]: [org.springframework.boot.test.mock.mockito.MockitoTestExecutionListener, org.springframework.boot.test.mock.mockito.ResetMocksTestExecutionListener, org.springframework.boot.test.autoconfigure.restdocs.RestDocsTestExecutionListener, org.springframework.boot.test.autoconfigure.web.client.MockRestServiceServerResetTestExecutionListener, org.springframework.boot.test.autoconfigure.web.servlet.MockMvcPrintOnlyOnFailureTestExecutionListener, org.springframework.boot.test.autoconfigure.web.servlet.WebDriverTestExecutionListener, org.springframework.test.context.web.ServletTestExecutionListener, org.springframework.test.context.support.DirtiesContextBeforeModesTestExecutionListener, org.springframework.test.context.support.DependencyInjectionTestExecutionListener, org.springframework.test.context.support.DirtiesContextTestExecutionListener, org.springframework.test.context.transaction.TransactionalTestExecutionListener, org.springframework.test.context.jdbc.SqlScriptsTestExecutionListener]
16:48:51.047 [main] INFO org.springframework.boot.test.context.SpringBootTestContextBootstrapper - Using TestExecutionListeners: [org.springframework.test.context.web.ServletTestExecutionListener@5b03b9fe, org.springframework.test.context.support.DirtiesContextBeforeModesTestExecutionListener@37d4349f, org.springframework.boot.test.mock.mockito.MockitoTestExecutionListener@434a63ab, org.springframework.boot.test.autoconfigure.SpringBootDependencyInjectionTestExecutionListener@6e0f5f7f, org.springframework.test.context.support.DirtiesContextTestExecutionListener@2805d709, org.springframework.test.context.transaction.TransactionalTestExecutionListener@3ee37e5a, org.springframework.test.context.jdbc.SqlScriptsTestExecutionListener@2ea41516, org.springframework.boot.test.mock.mockito.ResetMocksTestExecutionListener@3a44431a, org.springframework.boot.test.autoconfigure.restdocs.RestDocsTestExecutionListener@3c7f66c4, org.springframework.boot.test.autoconfigure.web.client.MockRestServiceServerResetTestExecutionListener@194bcebf, org.springframework.boot.test.autoconfigure.web.servlet.MockMvcPrintOnlyOnFailureTestExecutionListener@17497425, org.springframework.boot.test.autoconfigure.web.servlet.WebDriverTestExecutionListener@f0da945]
16:48:51.058 [main] DEBUG org.springframework.test.annotation.ProfileValueUtils - Retrieved @ProfileValueSourceConfiguration [null] for test class [com.foody.swiggy.SwiggyApplicationTests]
16:48:51.059 [main] DEBUG org.springframework.test.annotation.ProfileValueUtils - Retrieved ProfileValueSource type [class org.springframework.test.annotation.SystemProfileValueSource] for class [com.foody.swiggy.SwiggyApplicationTests]
16:48:51.061 [main] DEBUG org.springframework.test.annotation.ProfileValueUtils - Retrieved @ProfileValueSourceConfiguration [null] for test class [com.foody.swiggy.SwiggyApplicationTests]
16:48:51.061 [main] DEBUG org.springframework.test.annotation.ProfileValueUtils - Retrieved ProfileValueSource type [class org.springframework.test.annotation.SystemProfileValueSource] for class [com.foody.swiggy.SwiggyApplicationTests]
16:48:51.062 [main] DEBUG org.springframework.test.annotation.ProfileValueUtils - Retrieved @ProfileValueSourceConfiguration [null] for test class [com.foody.swiggy.SwiggyApplicationTests]
16:48:51.063 [main] DEBUG org.springframework.test.annotation.ProfileValueUtils - Retrieved ProfileValueSource type [class org.springframework.test.annotation.SystemProfileValueSource] for class [com.foody.swiggy.SwiggyApplicationTests]
16:48:51.086 [main] DEBUG org.springframework.test.context.support.AbstractDirtiesContextTestExecutionListener - Before test class: context [DefaultTestContext@4efac082 testClass = SwiggyApplicationTests, testInstance = [null], testMethod = [null], testException = [null], mergedContextConfiguration = [WebMergedContextConfiguration@6bd61f98 testClass = SwiggyApplicationTests, locations = '{}', classes = '{class com.foody.swiggy.SwiggyApplication}', contextInitializerClasses = '[]', activeProfiles = '{}', propertySourceLocations = '{}', propertySourceProperties = '{org.springframework.boot.test.context.SpringBootTestContextBootstrapper=true}', contextCustomizers = set[org.springframework.boot.test.context.filter.ExcludeFilterContextCustomizer@add0edd, org.springframework.boot.test.json.DuplicateJsonObjectContextCustomizerFactory$DuplicateJsonObjectContextCustomizer@4b44655e, org.springframework.boot.test.mock.mockito.MockitoContextCustomizer@0, org.springframework.boot.test.web.client.TestRestTemplateContextCustomizer@6b19b79, org.springframework.boot.test.autoconfigure.properties.PropertyMappingContextCustomizer@0, org.springframework.boot.test.autoconfigure.web.servlet.WebDriverContextCustomizerFactory$Customizer@2928854b], resourceBasePath = 'src/main/webapp', contextLoader = 'org.springframework.boot.test.context.SpringBootContextLoader', parent = [null]], attributes = map['org.springframework.test.context.web.ServletTestExecutionListener.activateListener' -> true]], class annotated with @DirtiesContext [false] with mode [null].
16:48:51.089 [main] DEBUG org.springframework.test.annotation.ProfileValueUtils - Retrieved @ProfileValueSourceConfiguration [null] for test class [com.foody.swiggy.SwiggyApplicationTests]
16:48:51.090 [main] DEBUG org.springframework.test.annotation.ProfileValueUtils - Retrieved ProfileValueSource type [class org.springframework.test.annotation.SystemProfileValueSource] for class [com.foody.swiggy.SwiggyApplicationTests]
16:48:51.159 [main] DEBUG org.springframework.test.context.support.TestPropertySourceUtils - Adding inlined properties to environment: {spring.jmx.enabled=false, org.springframework.boot.test.context.SpringBootTestContextBootstrapper=true, server.port=-1}

  .   ____          _            __ _ _
 /\\ / ___'_ __ _ _(_)_ __  __ _ \ \ \ \
( ( )\___ | '_ | '_| | '_ \/ _` | \ \ \ \
 \\/  ___)| |_)| | | | | || (_| |  ) ) ) )
  '  |____| .__|_| |_|_| |_\__, | / / / /
 =========|_|==============|___/=/_/_/_/
 :: Spring Boot ::       (v2.1.13.RELEASE)

2020-04-07 16:48:53.130  INFO 27170 --- [           main] com.foody.swiggy.SwiggyApplicationTests  : Starting SwiggyApplicationTests on prashy-Notebook with PID 27170 (started by prashaanth in /home/prashaanth/Documents/raji/swiggy)
2020-04-07 16:48:53.137  INFO 27170 --- [           main] com.foody.swiggy.SwiggyApplicationTests  : No active profile set, falling back to default profiles: default
2020-04-07 16:48:55.857  INFO 27170 --- [           main] .s.d.r.c.RepositoryConfigurationDelegate : Bootstrapping Spring Data JPA repositories in DEFAULT mode.
2020-04-07 16:48:56.019  INFO 27170 --- [           main] .s.d.r.c.RepositoryConfigurationDelegate : Finished Spring Data repository scanning in 51ms. Found 0 JPA repository interfaces.
2020-04-07 16:48:58.703  WARN 27170 --- [           main] o.s.w.c.s.GenericWebApplicationContext   : Exception encountered during context initialization - cancelling refresh attempt: org.springframework.beans.factory.UnsatisfiedDependencyException: Error creating bean with name 'org.springframework.boot.autoconfigure.orm.jpa.HibernateJpaConfiguration': Unsatisfied dependency expressed through constructor parameter 0; nested exception is org.springframework.beans.factory.BeanCreationException: Error creating bean with name 'dataSource' defined in class path resource [org/springframework/boot/autoconfigure/jdbc/DataSourceConfiguration$Hikari.class]: Bean instantiation via factory method failed; nested exception is org.springframework.beans.BeanInstantiationException: Failed to instantiate [com.zaxxer.hikari.HikariDataSource]: Factory method 'dataSource' threw exception; nested exception is org.springframework.boot.autoconfigure.jdbc.DataSourceProperties$DataSourceBeanCreationException: Failed to determine a suitable driver class
2020-04-07 16:48:58.752  INFO 27170 --- [           main] ConditionEvaluationReportLoggingListener : 

Error starting ApplicationContext. To display the conditions report re-run your application with 'debug' enabled.
2020-04-07 16:48:58.756 ERROR 27170 --- [           main] o.s.b.d.LoggingFailureAnalysisReporter   : 

***************************
APPLICATION FAILED TO START
***************************

Description:

Failed to configure a DataSource: 'url' attribute is not specified and no embedded datasource could be configured.

Reason: Failed to determine a suitable driver class


Action:

Consider the following:
	If you want an embedded database (H2, HSQL or Derby), please put it on the classpath.
	If you have database settings to be loaded from a particular profile you may need to activate it (no profiles are currently active).

2020-04-07 16:48:58.802 ERROR 27170 --- [           main] o.s.test.context.TestContextManager      : Caught exception while allowing TestExecutionListener [org.springframework.test.context.web.ServletTestExecutionListener@5b03b9fe] to prepare test instance [com.foody.swiggy.SwiggyApplicationTests@5e5073ab]

java.lang.IllegalStateException: Failed to load ApplicationContext
	at org.springframework.test.context.cache.DefaultCacheAwareContextLoaderDelegate.loadContext(DefaultCacheAwareContextLoaderDelegate.java:125) ~[spring-test-5.1.14.RELEASE.jar:5.1.14.RELEASE]
	at org.springframework.test.context.support.DefaultTestContext.getApplicationContext(DefaultTestContext.java:108) ~[spring-test-5.1.14.RELEASE.jar:5.1.14.RELEASE]
	at org.springframework.test.context.web.ServletTestExecutionListener.setUpRequestContextIfNecessary(ServletTestExecutionListener.java:190) ~[spring-test-5.1.14.RELEASE.jar:5.1.14.RELEASE]
	at org.springframework.test.context.web.ServletTestExecutionListener.prepareTestInstance(ServletTestExecutionListener.java:132) ~[spring-test-5.1.14.RELEASE.jar:5.1.14.RELEASE]
	at org.springframework.test.context.TestContextManager.prepareTestInstance(TestContextManager.java:246) ~[spring-test-5.1.14.RELEASE.jar:5.1.14.RELEASE]
	at org.springframework.test.context.junit4.SpringJUnit4ClassRunner.createTest(SpringJUnit4ClassRunner.java:227) ~[spring-test-5.1.14.RELEASE.jar:5.1.14.RELEASE]
	at org.springframework.test.context.junit4.SpringJUnit4ClassRunner$1.runReflectiveCall(SpringJUnit4ClassRunner.java:289) ~[spring-test-5.1.14.RELEASE.jar:5.1.14.RELEASE]
	at org.junit.internal.runners.model.ReflectiveCallable.run(ReflectiveCallable.java:12) ~[junit-4.12.jar:4.12]
	at org.springframework.test.context.junit4.SpringJUnit4ClassRunner.methodBlock(SpringJUnit4ClassRunner.java:291) ~[spring-test-5.1.14.RELEASE.jar:5.1.14.RELEASE]
	at org.springframework.test.context.junit4.SpringJUnit4ClassRunner.runChild(SpringJUnit4ClassRunner.java:246) ~[spring-test-5.1.14.RELEASE.jar:5.1.14.RELEASE]
	at org.springframework.test.context.junit4.SpringJUnit4ClassRunner.runChild(SpringJUnit4ClassRunner.java:97) ~[spring-test-5.1.14.RELEASE.jar:5.1.14.RELEASE]
	at org.junit.runners.ParentRunner$3.run(ParentRunner.java:290) ~[junit-4.12.jar:4.12]
	at org.junit.runners.ParentRunner$1.schedule(ParentRunner.java:71) ~[junit-4.12.jar:4.12]
	at org.junit.runners.ParentRunner.runChildren(ParentRunner.java:288) ~[junit-4.12.jar:4.12]
	at org.junit.runners.ParentRunner.access$000(ParentRunner.java:58) ~[junit-4.12.jar:4.12]
	at org.junit.runners.ParentRunner$2.evaluate(ParentRunner.java:268) ~[junit-4.12.jar:4.12]
	at org.springframework.test.context.junit4.statements.RunBeforeTestClassCallbacks.evaluate(RunBeforeTestClassCallbacks.java:61) ~[spring-test-5.1.14.RELEASE.jar:5.1.14.RELEASE]
	at org.springframework.test.context.junit4.statements.RunAfterTestClassCallbacks.evaluate(RunAfterTestClassCallbacks.java:70) ~[spring-test-5.1.14.RELEASE.jar:5.1.14.RELEASE]
	at org.junit.runners.ParentRunner.run(ParentRunner.java:363) ~[junit-4.12.jar:4.12]
	at org.springframework.test.context.junit4.SpringJUnit4ClassRunner.run(SpringJUnit4ClassRunner.java:190) ~[spring-test-5.1.14.RELEASE.jar:5.1.14.RELEASE]
	at org.apache.maven.surefire.junit4.JUnit4Provider.execute(JUnit4Provider.java:365) ~[surefire-junit4-2.22.2.jar:2.22.2]
	at org.apache.maven.surefire.junit4.JUnit4Provider.executeWithRerun(JUnit4Provider.java:273) ~[surefire-junit4-2.22.2.jar:2.22.2]
	at org.apache.maven.surefire.junit4.JUnit4Provider.executeTestSet(JUnit4Provider.java:238) ~[surefire-junit4-2.22.2.jar:2.22.2]
	at org.apache.maven.surefire.junit4.JUnit4Provider.invoke(JUnit4Provider.java:159) ~[surefire-junit4-2.22.2.jar:2.22.2]
	at org.apache.maven.surefire.booter.ForkedBooter.invokeProviderInSameClassLoader(ForkedBooter.java:384) ~[surefire-booter-2.22.2.jar:2.22.2]
	at org.apache.maven.surefire.booter.ForkedBooter.runSuitesInProcess(ForkedBooter.java:345) ~[surefire-booter-2.22.2.jar:2.22.2]
	at org.apache.maven.surefire.booter.ForkedBooter.execute(ForkedBooter.java:126) ~[surefire-booter-2.22.2.jar:2.22.2]
	at org.apache.maven.surefire.booter.ForkedBooter.main(ForkedBooter.java:418) ~[surefire-booter-2.22.2.jar:2.22.2]
Caused by: org.springframework.beans.factory.UnsatisfiedDependencyException: Error creating bean with name 'org.springframework.boot.autoconfigure.orm.jpa.HibernateJpaConfiguration': Unsatisfied dependency expressed through constructor parameter 0; nested exception is org.springframework.beans.factory.BeanCreationException: Error creating bean with name 'dataSource' defined in class path resource [org/springframework/boot/autoconfigure/jdbc/DataSourceConfiguration$Hikari.class]: Bean instantiation via factory method failed; nested exception is org.springframework.beans.BeanInstantiationException: Failed to instantiate [com.zaxxer.hikari.HikariDataSource]: Factory method 'dataSource' threw exception; nested exception is org.springframework.boot.autoconfigure.jdbc.DataSourceProperties$DataSourceBeanCreationException: Failed to determine a suitable driver class
	at org.springframework.beans.factory.support.ConstructorResolver.createArgumentArray(ConstructorResolver.java:769) ~[spring-beans-5.1.14.RELEASE.jar:5.1.14.RELEASE]
	at org.springframework.beans.factory.support.ConstructorResolver.autowireConstructor(ConstructorResolver.java:218) ~[spring-beans-5.1.14.RELEASE.jar:5.1.14.RELEASE]
	at org.springframework.beans.factory.support.AbstractAutowireCapableBeanFactory.autowireConstructor(AbstractAutowireCapableBeanFactory.java:1340) ~[spring-beans-5.1.14.RELEASE.jar:5.1.14.RELEASE]
	at org.springframework.beans.factory.support.AbstractAutowireCapableBeanFactory.createBeanInstance(AbstractAutowireCapableBeanFactory.java:1186) ~[spring-beans-5.1.14.RELEASE.jar:5.1.14.RELEASE]
	at org.springframework.beans.factory.support.AbstractAutowireCapableBeanFactory.doCreateBean(AbstractAutowireCapableBeanFactory.java:555) ~[spring-beans-5.1.14.RELEASE.jar:5.1.14.RELEASE]
	at org.springframework.beans.factory.support.AbstractAutowireCapableBeanFactory.createBean(AbstractAutowireCapableBeanFactory.java:515) ~[spring-beans-5.1.14.RELEASE.jar:5.1.14.RELEASE]
	at org.springframework.beans.factory.support.AbstractBeanFactory.lambda$doGetBean$0(AbstractBeanFactory.java:320) ~[spring-beans-5.1.14.RELEASE.jar:5.1.14.RELEASE]
	at org.springframework.beans.factory.support.DefaultSingletonBeanRegistry.getSingleton(DefaultSingletonBeanRegistry.java:222) ~[spring-beans-5.1.14.RELEASE.jar:5.1.14.RELEASE]
	at org.springframework.beans.factory.support.AbstractBeanFactory.doGetBean(AbstractBeanFactory.java:318) ~[spring-beans-5.1.14.RELEASE.jar:5.1.14.RELEASE]
	at org.springframework.beans.factory.support.AbstractBeanFactory.getBean(AbstractBeanFactory.java:199) ~[spring-beans-5.1.14.RELEASE.jar:5.1.14.RELEASE]
	at org.springframework.beans.factory.support.ConstructorResolver.instantiateUsingFactoryMethod(ConstructorResolver.java:392) ~[spring-beans-5.1.14.RELEASE.jar:5.1.14.RELEASE]
	at org.springframework.beans.factory.support.AbstractAutowireCapableBeanFactory.instantiateUsingFactoryMethod(AbstractAutowireCapableBeanFactory.java:1320) ~[spring-beans-5.1.14.RELEASE.jar:5.1.14.RELEASE]
	at org.springframework.beans.factory.support.AbstractAutowireCapableBeanFactory.createBeanInstance(AbstractAutowireCapableBeanFactory.java:1159) ~[spring-beans-5.1.14.RELEASE.jar:5.1.14.RELEASE]
	at org.springframework.beans.factory.support.AbstractAutowireCapableBeanFactory.doCreateBean(AbstractAutowireCapableBeanFactory.java:555) ~[spring-beans-5.1.14.RELEASE.jar:5.1.14.RELEASE]
	at org.springframework.beans.factory.support.AbstractAutowireCapableBeanFactory.createBean(AbstractAutowireCapableBeanFactory.java:515) ~[spring-beans-5.1.14.RELEASE.jar:5.1.14.RELEASE]
	at org.springframework.beans.factory.support.AbstractBeanFactory.lambda$doGetBean$0(AbstractBeanFactory.java:320) ~[spring-beans-5.1.14.RELEASE.jar:5.1.14.RELEASE]
	at org.springframework.beans.factory.support.DefaultSingletonBeanRegistry.getSingleton(DefaultSingletonBeanRegistry.java:222) ~[spring-beans-5.1.14.RELEASE.jar:5.1.14.RELEASE]
	at org.springframework.beans.factory.support.AbstractBeanFactory.doGetBean(AbstractBeanFactory.java:318) ~[spring-beans-5.1.14.RELEASE.jar:5.1.14.RELEASE]
	at org.springframework.beans.factory.support.AbstractBeanFactory.getBean(AbstractBeanFactory.java:199) ~[spring-beans-5.1.14.RELEASE.jar:5.1.14.RELEASE]
	at org.springframework.context.support.AbstractApplicationContext.getBean(AbstractApplicationContext.java:1105) ~[spring-context-5.1.14.RELEASE.jar:5.1.14.RELEASE]
	at org.springframework.context.support.AbstractApplicationContext.finishBeanFactoryInitialization(AbstractApplicationContext.java:867) ~[spring-context-5.1.14.RELEASE.jar:5.1.14.RELEASE]
	at org.springframework.context.support.AbstractApplicationContext.refresh(AbstractApplicationContext.java:549) ~[spring-context-5.1.14.RELEASE.jar:5.1.14.RELEASE]
	at org.springframework.boot.SpringApplication.refresh(SpringApplication.java:744) ~[spring-boot-2.1.13.RELEASE.jar:2.1.13.RELEASE]
	at org.springframework.boot.SpringApplication.refreshContext(SpringApplication.java:391) ~[spring-boot-2.1.13.RELEASE.jar:2.1.13.RELEASE]
	at org.springframework.boot.SpringApplication.run(SpringApplication.java:312) ~[spring-boot-2.1.13.RELEASE.jar:2.1.13.RELEASE]
	at org.springframework.boot.test.context.SpringBootContextLoader.loadContext(SpringBootContextLoader.java:121) ~[spring-boot-test-2.1.13.RELEASE.jar:2.1.13.RELEASE]
	at org.springframework.test.context.cache.DefaultCacheAwareContextLoaderDelegate.loadContextInternal(DefaultCacheAwareContextLoaderDelegate.java:99) ~[spring-test-5.1.14.RELEASE.jar:5.1.14.RELEASE]
	at org.springframework.test.context.cache.DefaultCacheAwareContextLoaderDelegate.loadContext(DefaultCacheAwareContextLoaderDelegate.java:117) ~[spring-test-5.1.14.RELEASE.jar:5.1.14.RELEASE]
	... 27 common frames omitted
Caused by: org.springframework.beans.factory.BeanCreationException: Error creating bean with name 'dataSource' defined in class path resource [org/springframework/boot/autoconfigure/jdbc/DataSourceConfiguration$Hikari.class]: Bean instantiation via factory method failed; nested exception is org.springframework.beans.BeanInstantiationException: Failed to instantiate [com.zaxxer.hikari.HikariDataSource]: Factory method 'dataSource' threw exception; nested exception is org.springframework.boot.autoconfigure.jdbc.DataSourceProperties$DataSourceBeanCreationException: Failed to determine a suitable driver class
	at org.springframework.beans.factory.support.ConstructorResolver.instantiate(ConstructorResolver.java:627) ~[spring-beans-5.1.14.RELEASE.jar:5.1.14.RELEASE]
	at org.springframework.beans.factory.support.ConstructorResolver.instantiateUsingFactoryMethod(ConstructorResolver.java:607) ~[spring-beans-5.1.14.RELEASE.jar:5.1.14.RELEASE]
	at org.springframework.beans.factory.support.AbstractAutowireCapableBeanFactory.instantiateUsingFactoryMethod(AbstractAutowireCapableBeanFactory.java:1320) ~[spring-beans-5.1.14.RELEASE.jar:5.1.14.RELEASE]
	at org.springframework.beans.factory.support.AbstractAutowireCapableBeanFactory.createBeanInstance(AbstractAutowireCapableBeanFactory.java:1159) ~[spring-beans-5.1.14.RELEASE.jar:5.1.14.RELEASE]
	at org.springframework.beans.factory.support.AbstractAutowireCapableBeanFactory.doCreateBean(AbstractAutowireCapableBeanFactory.java:555) ~[spring-beans-5.1.14.RELEASE.jar:5.1.14.RELEASE]
	at org.springframework.beans.factory.support.AbstractAutowireCapableBeanFactory.createBean(AbstractAutowireCapableBeanFactory.java:515) ~[spring-beans-5.1.14.RELEASE.jar:5.1.14.RELEASE]
	at org.springframework.beans.factory.support.AbstractBeanFactory.lambda$doGetBean$0(AbstractBeanFactory.java:320) ~[spring-beans-5.1.14.RELEASE.jar:5.1.14.RELEASE]
	at org.springframework.beans.factory.support.DefaultSingletonBeanRegistry.getSingleton(DefaultSingletonBeanRegistry.java:222) ~[spring-beans-5.1.14.RELEASE.jar:5.1.14.RELEASE]
	at org.springframework.beans.factory.support.AbstractBeanFactory.doGetBean(AbstractBeanFactory.java:318) ~[spring-beans-5.1.14.RELEASE.jar:5.1.14.RELEASE]
	at org.springframework.beans.factory.support.AbstractBeanFactory.getBean(AbstractBeanFactory.java:199) ~[spring-beans-5.1.14.RELEASE.jar:5.1.14.RELEASE]
	at org.springframework.beans.factory.config.DependencyDescriptor.resolveCandidate(DependencyDescriptor.java:277) ~[spring-beans-5.1.14.RELEASE.jar:5.1.14.RELEASE]
	at org.springframework.beans.factory.support.DefaultListableBeanFactory.doResolveDependency(DefaultListableBeanFactory.java:1255) ~[spring-beans-5.1.14.RELEASE.jar:5.1.14.RELEASE]
	at org.springframework.beans.factory.support.DefaultListableBeanFactory.resolveDependency(DefaultListableBeanFactory.java:1175) ~[spring-beans-5.1.14.RELEASE.jar:5.1.14.RELEASE]
	at org.springframework.beans.factory.support.ConstructorResolver.resolveAutowiredArgument(ConstructorResolver.java:857) ~[spring-beans-5.1.14.RELEASE.jar:5.1.14.RELEASE]
	at org.springframework.beans.factory.support.ConstructorResolver.createArgumentArray(ConstructorResolver.java:760) ~[spring-beans-5.1.14.RELEASE.jar:5.1.14.RELEASE]
	... 54 common frames omitted
Caused by: org.springframework.beans.BeanInstantiationException: Failed to instantiate [com.zaxxer.hikari.HikariDataSource]: Factory method 'dataSource' threw exception; nested exception is org.springframework.boot.autoconfigure.jdbc.DataSourceProperties$DataSourceBeanCreationException: Failed to determine a suitable driver class
	at org.springframework.beans.factory.support.SimpleInstantiationStrategy.instantiate(SimpleInstantiationStrategy.java:185) ~[spring-beans-5.1.14.RELEASE.jar:5.1.14.RELEASE]
	at org.springframework.beans.factory.support.ConstructorResolver.instantiate(ConstructorResolver.java:622) ~[spring-beans-5.1.14.RELEASE.jar:5.1.14.RELEASE]
	... 68 common frames omitted
Caused by: org.springframework.boot.autoconfigure.jdbc.DataSourceProperties$DataSourceBeanCreationException: Failed to determine a suitable driver class
	at org.springframework.boot.autoconfigure.jdbc.DataSourceProperties.determineDriverClassName(DataSourceProperties.java:233) ~[spring-boot-autoconfigure-2.1.13.RELEASE.jar:2.1.13.RELEASE]
	at org.springframework.boot.autoconfigure.jdbc.DataSourceProperties.initializeDataSourceBuilder(DataSourceProperties.java:174) ~[spring-boot-autoconfigure-2.1.13.RELEASE.jar:2.1.13.RELEASE]
	at org.springframework.boot.autoconfigure.jdbc.DataSourceConfiguration.createDataSource(DataSourceConfiguration.java:43) ~[spring-boot-autoconfigure-2.1.13.RELEASE.jar:2.1.13.RELEASE]
	at org.springframework.boot.autoconfigure.jdbc.DataSourceConfiguration$Hikari.dataSource(DataSourceConfiguration.java:85) ~[spring-boot-autoconfigure-2.1.13.RELEASE.jar:2.1.13.RELEASE]
	at org.springframework.boot.autoconfigure.jdbc.DataSourceConfiguration$Hikari$$EnhancerBySpringCGLIB$$8aef5073.CGLIB$dataSource$0(<generated>) ~[spring-boot-autoconfigure-2.1.13.RELEASE.jar:2.1.13.RELEASE]
	at org.springframework.boot.autoconfigure.jdbc.DataSourceConfiguration$Hikari$$EnhancerBySpringCGLIB$$8aef5073$$FastClassBySpringCGLIB$$d71d3af2.invoke(<generated>) ~[spring-boot-autoconfigure-2.1.13.RELEASE.jar:2.1.13.RELEASE]
	at org.springframework.cglib.proxy.MethodProxy.invokeSuper(MethodProxy.java:244) ~[spring-core-5.1.14.RELEASE.jar:5.1.14.RELEASE]
	at org.springframework.context.annotation.ConfigurationClassEnhancer$BeanMethodInterceptor.intercept(ConfigurationClassEnhancer.java:363) ~[spring-context-5.1.14.RELEASE.jar:5.1.14.RELEASE]
	at org.springframework.boot.autoconfigure.jdbc.DataSourceConfiguration$Hikari$$EnhancerBySpringCGLIB$$8aef5073.dataSource(<generated>) ~[spring-boot-autoconfigure-2.1.13.RELEASE.jar:2.1.13.RELEASE]
	at java.base/jdk.internal.reflect.NativeMethodAccessorImpl.invoke0(Native Method) ~[na:na]
	at java.base/jdk.internal.reflect.NativeMethodAccessorImpl.invoke(NativeMethodAccessorImpl.java:62) ~[na:na]
	at java.base/jdk.internal.reflect.DelegatingMethodAccessorImpl.invoke(DelegatingMethodAccessorImpl.java:43) ~[na:na]
	at java.base/java.lang.reflect.Method.invoke(Method.java:566) ~[na:na]
	at org.springframework.beans.factory.support.SimpleInstantiationStrategy.instantiate(SimpleInstantiationStrategy.java:154) ~[spring-beans-5.1.14.RELEASE.jar:5.1.14.RELEASE]
	... 69 common frames omitted

]]></system-out>
  </testcase>
</testsuite>